Using pre-set license
Built from '2020.3/staging' branch; Version is '2020.3.0f1 (c7b5465681fb) revision 13088070'; Using compiler version '192528614'; Build Type 'Release'
OS: 'Windows 10 Home Single Language; OS build 19042.1110; Version 2009; 64bit' Language: 'ru' Physical Memory: 8042 MB
BatchMode: 1, IsHumanControllingUs: 0, StartBugReporterOnCrash: 0, Is64bit: 1, IsPro: 0

 COMMAND LINE ARGUMENTS:
C:\Program Files\Unity\Hub\Editor\2020.3.0f1\Editor\Unity.exe
-adb2
-batchMode
-noUpm
-name
AssetImportWorker0
-projectPath
C:/Users/Gregory/Desktop/Unity/MyFirstShooter
-logFile
Logs/AssetImportWorker0.log
-srvPort
51172
Successfully changed project path to: C:/Users/Gregory/Desktop/Unity/MyFirstShooter
C:/Users/Gregory/Desktop/Unity/MyFirstShooter
Using Asset Import Pipeline V2.
Refreshing native plugins compatible for Editor in 51.69 ms, found 0 plugins.
Preloading 0 native plugins for Editor in 0.00 ms.
Initialize engine version: 2020.3.0f1 (c7b5465681fb)
[Subsystems] Discovering subsystems at path C:/Program Files/Unity/Hub/Editor/2020.3.0f1/Editor/Data/Resources/UnitySubsystems
[Subsystems] Discovering subsystems at path C:/Users/Gregory/Desktop/Unity/MyFirstShooter/Assets
GfxDevice: creating device client; threaded=0
Direct3D:
    Version:  Direct3D 11.0 [level 11.1]
    Renderer: NVIDIA GeForce MX150 (ID=0x1d12)
    Vendor:   
    VRAM:     1983 MB
    Driver:   25.21.14.1972
Initialize mono
Mono path[0] = 'C:/Program Files/Unity/Hub/Editor/2020.3.0f1/Editor/Data/Managed'
Mono path[1] = 'C:/Program Files/Unity/Hub/Editor/2020.3.0f1/Editor/Data/MonoBleedingEdge/lib/mono/unityjit'
Mono config path = 'C:/Program Files/Unity/Hub/Editor/2020.3.0f1/Editor/Data/MonoBleedingEdge/etc'
Using monoOptions --debugger-agent=transport=dt_socket,embedding=1,server=y,suspend=n,address=127.0.0.1:56660
Begin MonoManager ReloadAssembly
Registering precompiled unity dll's ...
Register platform support module: C:/Program Files/Unity/Hub/Editor/2020.3.0f1/Editor/Data/PlaybackEngines/WindowsStandaloneSupport/UnityEditor.WindowsStandalone.Extensions.dll
Registered in 0.002413 seconds.
Native extension for WindowsStandalone target not found
Refreshing native plugins compatible for Editor in 36.16 ms, found 0 plugins.
Preloading 0 native plugins for Editor in 0.00 ms.
Invoked RoslynAnalysisRunner static constructor.
RoslynAnalysisRunner will not be running.
RoslynAnalysisRunner has terminated.
Mono: successfully reloaded assembly
- Completed reload, in  5.702 seconds
Platform modules already initialized, skipping
Registering precompiled user dll's ...
Registered in 0.002779 seconds.
Begin MonoManager ReloadAssembly
Native extension for WindowsStandalone target not found
Refreshing native plugins compatible for Editor in 0.41 ms, found 0 plugins.
Preloading 0 native plugins for Editor in 0.00 ms.
Invoked RoslynAnalysisRunner static constructor.
RoslynAnalysisRunner will not be running.
RoslynAnalysisRunner has terminated.
Mono: successfully reloaded assembly
- Completed reload, in  0.944 seconds
Platform modules already initialized, skipping
========================================================================
Worker process is ready to serve import requests
Launched and connected shader compiler UnityShaderCompiler.exe after 0.06 seconds
Refreshing native plugins compatible for Editor in 0.37 ms, found 0 plugins.
Preloading 0 native plugins for Editor in 0.00 ms.
Unloading 1423 Unused Serialized files (Serialized files now loaded: 0)
System memory in use before: 65.1 MB.
System memory in use after: 65.1 MB.

Unloading 33 unused Assets to reduce memory usage. Loaded Objects now: 1852.
Total: 2.214000 ms (FindLiveObjects: 0.267200 ms CreateObjectMapping: 0.128800 ms MarkObjects: 1.734400 ms  DeleteObjects: 0.081700 ms)

========================================================================
Received Import Request.
  path: Assets/Scenes/SampleScene
  artifactKey: Guid(5579ff9be4854d948a1e17a48c6e74a4) Importer(815301076,1909f56bfc062723c751e8b465ee728b)
Start importing Assets/Scenes/SampleScene using Guid(5579ff9be4854d948a1e17a48c6e74a4) Importer(815301076,1909f56bfc062723c751e8b465ee728b)  -> (artifact id: '6813567df11f6d6b1a2d526ea622e3b7') in 0.020275 seconds
  Import took 0.024235 seconds .

========================================================================
Received Import Request.
  Time since last request: 0.001058 seconds.
  path: Assets/Scenes/SampleScene/NavMesh.asset
  artifactKey: Guid(7d4f2e3ece3675140942558946a76736) Importer(815301076,1909f56bfc062723c751e8b465ee728b)
Start importing Assets/Scenes/SampleScene/NavMesh.asset using Guid(7d4f2e3ece3675140942558946a76736) Importer(815301076,1909f56bfc062723c751e8b465ee728b)  -> (artifact id: '153a24872cb6eea71214d9c751125377') in 0.058376 seconds
  Import took 0.061766 seconds .

========================================================================
Received Import Request.
  Time since last request: 16.261221 seconds.
  path: Assets/Prefabs/Bullet.prefab
  artifactKey: Guid(de0fbc9bee36b254088e4865acd4a100) Importer(815301076,1909f56bfc062723c751e8b465ee728b)
Start importing Assets/Prefabs/Bullet.prefab using Guid(de0fbc9bee36b254088e4865acd4a100) Importer(815301076,1909f56bfc062723c751e8b465ee728b)  -> (artifact id: 'a1d012ce88ee50e628f84f0b9e717b20') in 0.122843 seconds
  Import took 0.125846 seconds .

========================================================================
Received Import Request.
  Time since last request: 0.000457 seconds.
  path: Assets/Prefabs/Enemy.prefab
  artifactKey: Guid(0a18bc70d11183a48b7000cf5447a914) Importer(815301076,1909f56bfc062723c751e8b465ee728b)
Start importing Assets/Prefabs/Enemy.prefab using Guid(0a18bc70d11183a48b7000cf5447a914) Importer(815301076,1909f56bfc062723c751e8b465ee728b)  -> (artifact id: 'ab6565d199cc7b3a2f6e647072b50cf5') in 0.031726 seconds
  Import took 0.034834 seconds .

========================================================================
Received Import Request.
  Time since last request: 0.000503 seconds.
  path: Assets/Prefabs/Gun.prefab
  artifactKey: Guid(ff497649dbdc0444fa369ef171c0b092) Importer(815301076,1909f56bfc062723c751e8b465ee728b)
Start importing Assets/Prefabs/Gun.prefab using Guid(ff497649dbdc0444fa369ef171c0b092) Importer(815301076,1909f56bfc062723c751e8b465ee728b)  -> (artifact id: '0ab687bf9b76148c226e2be4a17b8e99') in 0.024362 seconds
  Import took 0.027754 seconds .

========================================================================
Received Import Request.
  Time since last request: 0.000397 seconds.
  path: Assets/Prefabs/Enemy.prefab
  artifactKey: Guid(0a18bc70d11183a48b7000cf5447a914) Importer(815301076,1909f56bfc062723c751e8b465ee728b)
Start importing Assets/Prefabs/Enemy.prefab using Guid(0a18bc70d11183a48b7000cf5447a914) Importer(815301076,1909f56bfc062723c751e8b465ee728b)  -> (artifact id: 'ab6565d199cc7b3a2f6e647072b50cf5') in 0.013132 seconds
  Import took 0.016450 seconds .

========================================================================
Received Import Request.
  Time since last request: 5.776574 seconds.
  path: Assets/Materials/Cube.mat
  artifactKey: Guid(83197b09f6e97084b884415243c045f9) Importer(815301076,1909f56bfc062723c751e8b465ee728b)
Start importing Assets/Materials/Cube.mat using Guid(83197b09f6e97084b884415243c045f9) Importer(815301076,1909f56bfc062723c751e8b465ee728b)  -> (artifact id: '45e5d9196b14ba6573c38aae1a9414d2') in 0.062225 seconds
  Import took 0.065944 seconds .

========================================================================
Received Import Request.
  Time since last request: 0.000414 seconds.
  path: Assets/Materials/Player.mat
  artifactKey: Guid(1c5528d21c1f7c441b9b56e4da5e0276) Importer(815301076,1909f56bfc062723c751e8b465ee728b)
Start importing Assets/Materials/Player.mat using Guid(1c5528d21c1f7c441b9b56e4da5e0276) Importer(815301076,1909f56bfc062723c751e8b465ee728b)  -> (artifact id: '35ad18e04a076afc3e30f43186b75f55') in 0.020164 seconds
  Import took 0.023489 seconds .

========================================================================
Received Import Request.
  Time since last request: 0.000481 seconds.
  path: Assets/Materials/ground.mat
  artifactKey: Guid(2dfb6c59af0ba4640a5c3681b3b9f7d7) Importer(815301076,1909f56bfc062723c751e8b465ee728b)
Start importing Assets/Materials/ground.mat using Guid(2dfb6c59af0ba4640a5c3681b3b9f7d7) Importer(815301076,1909f56bfc062723c751e8b465ee728b)  -> (artifact id: '3f7bf45ef3dac3f21450758e585e07eb') in 0.023073 seconds
  Import took 0.026076 seconds .

========================================================================
Received Import Request.
  Time since last request: 0.000438 seconds.
  path: Assets/Materials/New Material.mat
  artifactKey: Guid(a41845592f12ec0488190e3d06f6a279) Importer(815301076,1909f56bfc062723c751e8b465ee728b)
Start importing Assets/Materials/New Material.mat using Guid(a41845592f12ec0488190e3d06f6a279) Importer(815301076,1909f56bfc062723c751e8b465ee728b)  -> (artifact id: '62630046a213122b517f24b54986fdcf') in 0.017556 seconds
  Import took 0.021166 seconds .

========================================================================
Received Import Request.
  Time since last request: 0.000469 seconds.
  path: Assets/Materials/Enemy.mat
  artifactKey: Guid(25ff9fa91712c094b9c6254934019860) Importer(815301076,1909f56bfc062723c751e8b465ee728b)
Start importing Assets/Materials/Enemy.mat using Guid(25ff9fa91712c094b9c6254934019860) Importer(815301076,1909f56bfc062723c751e8b465ee728b)  -> (artifact id: '01c771ddafa1ecbe83058ca80a0cb17e') in 0.017256 seconds
  Import took 0.019580 seconds .

AssetImportWorkerClient::OnTransportError - code=2 error=End of file
